<?xml version="1.0" encoding="UTF-8"?>
<!-- Generated by org.testng.reporters.JUnitReportReporter -->
<testsuite skipped="0" hostname="DESKTOP-SD67EBB" name="Testcases.ReceivemailTest" tests="1" failures="0" timestamp="06 Jul 2022 04:58:42 GMT" time="0.006" errors="0">
  <testcase name="sendmail" time="0.006" classname="Testcases.ReceivemailTest"/>
</testsuite> <!-- Testcases.ReceivemailTest -->
